#! /opt/homebrew/Cellar/icarus-verilog/11.0/bin/vvp
:ivl_version "11.0 (stable)";
:ivl_delay_selection "TYPICAL";
:vpi_time_precision + 0;
:vpi_module "/opt/homebrew/Cellar/icarus-verilog/11.0/lib/ivl/system.vpi";
:vpi_module "/opt/homebrew/Cellar/icarus-verilog/11.0/lib/ivl/vhdl_sys.vpi";
:vpi_module "/opt/homebrew/Cellar/icarus-verilog/11.0/lib/ivl/vhdl_textio.vpi";
:vpi_module "/opt/homebrew/Cellar/icarus-verilog/11.0/lib/ivl/v2005_math.vpi";
:vpi_module "/opt/homebrew/Cellar/icarus-verilog/11.0/lib/ivl/va_math.vpi";
S_0x136e08270 .scope module, "ALU" "ALU" 2 1;
 .timescale 0 0;
    .port_info 0 /INPUT 32 "i_1";
    .port_info 1 /INPUT 32 "i_2";
    .port_info 2 /INPUT 3 "i_ctrl";
    .port_info 3 /OUTPUT 32 "o_1";
    .port_info 4 /OUTPUT 1 "o_zero";
    .port_info 5 /OUTPUT 1 "o_neg";
    .port_info 6 /OUTPUT 1 "o_negU";
L_0x1380780a0 .functor BUFT 1, C4<00>, C4<0>, C4<0>, C4<0>;
v0x136e20500_0 .net/2s *"_ivl_10", 1 0, L_0x1380780a0;  1 drivers
v0x136e205c0_0 .net *"_ivl_12", 1 0, L_0x136e21b50;  1 drivers
v0x136e20670_0 .net/s *"_ivl_16", 31 0, L_0x136e21de0;  1 drivers
L_0x1380780e8 .functor BUFT 1, C4<00000000000000000000000000000000>, C4<0>, C4<0>, C4<0>;
v0x136e20730_0 .net/2s *"_ivl_18", 31 0, L_0x1380780e8;  1 drivers
v0x136e207e0_0 .net *"_ivl_2", 31 0, L_0x136e218a0;  1 drivers
v0x136e208d0_0 .net *"_ivl_20", 0 0, L_0x136e21ee0;  1 drivers
L_0x138078130 .functor BUFT 1, C4<01>, C4<0>, C4<0>, C4<0>;
v0x136e20970_0 .net/2s *"_ivl_22", 1 0, L_0x138078130;  1 drivers
L_0x138078178 .functor BUFT 1, C4<00>, C4<0>, C4<0>, C4<0>;
v0x136e20a20_0 .net/2s *"_ivl_24", 1 0, L_0x138078178;  1 drivers
v0x136e20ad0_0 .net *"_ivl_26", 1 0, L_0x136e22040;  1 drivers
v0x136e20be0_0 .net *"_ivl_30", 31 0, L_0x136e222d0;  1 drivers
L_0x1380781c0 .functor BUFT 1, C4<00000000000000000000000000000000>, C4<0>, C4<0>, C4<0>;
v0x136e20c90_0 .net/2u *"_ivl_32", 31 0, L_0x1380781c0;  1 drivers
v0x136e20d40_0 .net *"_ivl_34", 0 0, L_0x136e21940;  1 drivers
L_0x138078208 .functor BUFT 1, C4<01>, C4<0>, C4<0>, C4<0>;
v0x136e20de0_0 .net/2s *"_ivl_36", 1 0, L_0x138078208;  1 drivers
L_0x138078250 .functor BUFT 1, C4<00>, C4<0>, C4<0>, C4<0>;
v0x136e20e90_0 .net/2s *"_ivl_38", 1 0, L_0x138078250;  1 drivers
L_0x138078010 .functor BUFT 1, C4<00000000000000000000000000000000>, C4<0>, C4<0>, C4<0>;
v0x136e20f40_0 .net/2u *"_ivl_4", 31 0, L_0x138078010;  1 drivers
v0x136e20ff0_0 .net *"_ivl_40", 1 0, L_0x136e225b0;  1 drivers
v0x136e210a0_0 .net *"_ivl_6", 0 0, L_0x136e21a10;  1 drivers
L_0x138078058 .functor BUFT 1, C4<01>, C4<0>, C4<0>, C4<0>;
v0x136e21230_0 .net/2s *"_ivl_8", 1 0, L_0x138078058;  1 drivers
o0x138040430 .functor BUFZ 32, C4<zzzzzzzzzzzzzzzzzzzzzzzzzzzzzzzz>; HiZ drive
v0x136e212c0_0 .net "i_1", 31 0, o0x138040430;  0 drivers
o0x138040460 .functor BUFZ 32, C4<zzzzzzzzzzzzzzzzzzzzzzzzzzzzzzzz>; HiZ drive
v0x136e21360_0 .net "i_2", 31 0, o0x138040460;  0 drivers
o0x138040490 .functor BUFZ 3, C4<zzz>; HiZ drive
v0x136e21410_0 .net "i_ctrl", 2 0, o0x138040490;  0 drivers
v0x136e214c0_0 .net "o_1", 31 0, L_0x136e21800;  1 drivers
v0x136e21570_0 .net "o_neg", 0 0, L_0x136e221a0;  1 drivers
v0x136e21610_0 .net "o_negU", 0 0, L_0x136e22690;  1 drivers
v0x136e216b0_0 .net "o_zero", 0 0, L_0x136e21cd0;  1 drivers
L_0x136e21800 .ufunc/vec4 TD_ALU.operation, 32, o0x138040490, o0x138040430, o0x138040460 (v0x136e203a0_0, v0x136e10620_0, v0x136e20300_0) S_0x136e104b0;
L_0x136e218a0 .arith/sub 32, o0x138040430, o0x138040460;
L_0x136e21a10 .cmp/eq 32, L_0x136e218a0, L_0x138078010;
L_0x136e21b50 .functor MUXZ 2, L_0x1380780a0, L_0x138078058, L_0x136e21a10, C4<>;
L_0x136e21cd0 .part L_0x136e21b50, 0, 1;
L_0x136e21de0 .arith/sub 32, o0x138040430, o0x138040460;
L_0x136e21ee0 .cmp/gt.s 32, L_0x1380780e8, L_0x136e21de0;
L_0x136e22040 .functor MUXZ 2, L_0x138078178, L_0x138078130, L_0x136e21ee0, C4<>;
L_0x136e221a0 .part L_0x136e22040, 0, 1;
L_0x136e222d0 .arith/sub 32, o0x138040430, o0x138040460;
L_0x136e21940 .cmp/gt 32, L_0x1380781c0, L_0x136e222d0;
L_0x136e225b0 .functor MUXZ 2, L_0x138078250, L_0x138078208, L_0x136e21940, C4<>;
L_0x136e22690 .part L_0x136e225b0, 0, 1;
S_0x136e104b0 .scope function.vec4.s32, "operation" "operation" 2 21, 2 21 0, S_0x136e08270;
 .timescale 0 0;
v0x136e10620_0 .var/s "i_1", 31 0;
v0x136e20300_0 .var/s "i_2", 31 0;
v0x136e203a0_0 .var "i_ctrl", 2 0;
; Variable operation is vec4 return value of scope S_0x136e104b0
TD_ALU.operation ;
    %load/vec4 v0x136e203a0_0;
    %dup/vec4;
    %pushi/vec4 0, 0, 3;
    %cmp/u;
    %jmp/1 T_0.0, 6;
    %dup/vec4;
    %pushi/vec4 1, 0, 3;
    %cmp/u;
    %jmp/1 T_0.1, 6;
    %dup/vec4;
    %pushi/vec4 2, 0, 3;
    %cmp/u;
    %jmp/1 T_0.2, 6;
    %dup/vec4;
    %pushi/vec4 3, 0, 3;
    %cmp/u;
    %jmp/1 T_0.3, 6;
    %dup/vec4;
    %pushi/vec4 4, 0, 3;
    %cmp/u;
    %jmp/1 T_0.4, 6;
    %dup/vec4;
    %pushi/vec4 5, 0, 3;
    %cmp/u;
    %jmp/1 T_0.5, 6;
    %dup/vec4;
    %pushi/vec4 6, 0, 3;
    %cmp/u;
    %jmp/1 T_0.6, 6;
    %dup/vec4;
    %pushi/vec4 7, 0, 3;
    %cmp/u;
    %jmp/1 T_0.7, 6;
    %pushi/vec4 4294967295, 4294967295, 32;
    %ret/vec4 0, 0, 32;  Assign to operation (store_vec4_to_lval)
    %jmp T_0.9;
T_0.0 ;
    %load/vec4 v0x136e10620_0;
    %load/vec4 v0x136e20300_0;
    %add;
    %ret/vec4 0, 0, 32;  Assign to operation (store_vec4_to_lval)
    %jmp T_0.9;
T_0.1 ;
    %load/vec4 v0x136e10620_0;
    %load/vec4 v0x136e20300_0;
    %sub;
    %ret/vec4 0, 0, 32;  Assign to operation (store_vec4_to_lval)
    %jmp T_0.9;
T_0.2 ;
    %load/vec4 v0x136e10620_0;
    %load/vec4 v0x136e20300_0;
    %and;
    %ret/vec4 0, 0, 32;  Assign to operation (store_vec4_to_lval)
    %jmp T_0.9;
T_0.3 ;
    %load/vec4 v0x136e10620_0;
    %load/vec4 v0x136e20300_0;
    %or;
    %ret/vec4 0, 0, 32;  Assign to operation (store_vec4_to_lval)
    %jmp T_0.9;
T_0.4 ;
    %load/vec4 v0x136e10620_0;
    %load/vec4 v0x136e20300_0;
    %xor;
    %ret/vec4 0, 0, 32;  Assign to operation (store_vec4_to_lval)
    %jmp T_0.9;
T_0.5 ;
    %load/vec4 v0x136e10620_0;
    %load/vec4 v0x136e20300_0;
    %ix/vec4 4;
    %shiftr/s 4;
    %ret/vec4 0, 0, 32;  Assign to operation (store_vec4_to_lval)
    %jmp T_0.9;
T_0.6 ;
    %load/vec4 v0x136e10620_0;
    %load/vec4 v0x136e20300_0;
    %ix/vec4 4;
    %shiftr 4;
    %ret/vec4 0, 0, 32;  Assign to operation (store_vec4_to_lval)
    %jmp T_0.9;
T_0.7 ;
    %load/vec4 v0x136e10620_0;
    %load/vec4 v0x136e20300_0;
    %ix/vec4 4;
    %shiftl 4;
    %ret/vec4 0, 0, 32;  Assign to operation (store_vec4_to_lval)
    %jmp T_0.9;
T_0.9 ;
    %pop/vec4 1;
    %end;
# The file index is used to find the file name in the following table.
:file_names 3;
    "N/A";
    "<interactive>";
    "ALU.v";
