#! /opt/homebrew/Cellar/icarus-verilog/11.0/bin/vvp
:ivl_version "11.0 (stable)";
:ivl_delay_selection "TYPICAL";
:vpi_time_precision + 0;
:vpi_module "/opt/homebrew/Cellar/icarus-verilog/11.0/lib/ivl/system.vpi";
:vpi_module "/opt/homebrew/Cellar/icarus-verilog/11.0/lib/ivl/vhdl_sys.vpi";
:vpi_module "/opt/homebrew/Cellar/icarus-verilog/11.0/lib/ivl/vhdl_textio.vpi";
:vpi_module "/opt/homebrew/Cellar/icarus-verilog/11.0/lib/ivl/v2005_math.vpi";
:vpi_module "/opt/homebrew/Cellar/icarus-verilog/11.0/lib/ivl/va_math.vpi";
S_0x14a009ec0 .scope module, "alu32_tb" "alu32_tb" 2 1;
 .timescale 0 0;
v0x14a01a7d0_0 .var "A", 31 0;
v0x14a01a880_0 .var "B", 31 0;
v0x14a01a930_0 .net "R", 31 0, L_0x14a01aab0;  1 drivers
v0x14a01aa00_0 .var "S", 2 0;
S_0x14a00a030 .scope module, "alu32" "alu32" 2 6, 3 1 0, S_0x14a009ec0;
 .timescale 0 0;
    .port_info 0 /INPUT 32 "A";
    .port_info 1 /INPUT 32 "B";
    .port_info 2 /INPUT 3 "S";
    .port_info 3 /OUTPUT 32 "R";
v0x14a01a490_0 .net/s "A", 31 0, v0x14a01a7d0_0;  1 drivers
v0x14a01a550_0 .net/s "B", 31 0, v0x14a01a880_0;  1 drivers
v0x14a01a600_0 .net/s "R", 31 0, L_0x14a01aab0;  alias, 1 drivers
v0x14a01a6c0_0 .net "S", 2 0, v0x14a01aa00_0;  1 drivers
L_0x14a01aab0 .ufunc/vec4 TD_alu32_tb.alu32.op, 32, v0x14a01aa00_0, v0x14a01a7d0_0, v0x14a01a880_0 (v0x14a01a3e0_0, v0x14a00a3c0_0, v0x14a01a270_0) S_0x14a00a200;
S_0x14a00a200 .scope function.vec4.s32, "op" "op" 3 6, 3 6 0, S_0x14a00a030;
 .timescale 0 0;
v0x14a00a3c0_0 .var/s "a", 31 0;
v0x14a01a270_0 .var/s "b", 31 0;
; Variable op is vec4 return value of scope S_0x14a00a200
v0x14a01a3e0_0 .var "s", 2 0;
TD_alu32_tb.alu32.op ;
    %load/vec4 v0x14a01a3e0_0;
    %dup/vec4;
    %pushi/vec4 0, 0, 3;
    %cmp/u;
    %jmp/1 T_0.0, 6;
    %dup/vec4;
    %pushi/vec4 1, 0, 3;
    %cmp/u;
    %jmp/1 T_0.1, 6;
    %dup/vec4;
    %pushi/vec4 2, 0, 3;
    %cmp/u;
    %jmp/1 T_0.2, 6;
    %dup/vec4;
    %pushi/vec4 3, 0, 3;
    %cmp/u;
    %jmp/1 T_0.3, 6;
    %dup/vec4;
    %pushi/vec4 4, 0, 3;
    %cmp/u;
    %jmp/1 T_0.4, 6;
    %dup/vec4;
    %pushi/vec4 5, 0, 3;
    %cmp/u;
    %jmp/1 T_0.5, 6;
    %dup/vec4;
    %pushi/vec4 6, 0, 3;
    %cmp/u;
    %jmp/1 T_0.6, 6;
    %dup/vec4;
    %pushi/vec4 7, 0, 3;
    %cmp/u;
    %jmp/1 T_0.7, 6;
    %pushi/vec4 4294967295, 4294967295, 32;
    %ret/vec4 0, 0, 32;  Assign to op (store_vec4_to_lval)
    %jmp T_0.9;
T_0.0 ;
    %load/vec4 v0x14a00a3c0_0;
    %load/vec4 v0x14a01a270_0;
    %add;
    %ret/vec4 0, 0, 32;  Assign to op (store_vec4_to_lval)
    %jmp T_0.9;
T_0.1 ;
    %load/vec4 v0x14a00a3c0_0;
    %load/vec4 v0x14a01a270_0;
    %sub;
    %ret/vec4 0, 0, 32;  Assign to op (store_vec4_to_lval)
    %jmp T_0.9;
T_0.2 ;
    %load/vec4 v0x14a00a3c0_0;
    %load/vec4 v0x14a01a270_0;
    %and;
    %ret/vec4 0, 0, 32;  Assign to op (store_vec4_to_lval)
    %jmp T_0.9;
T_0.3 ;
    %load/vec4 v0x14a00a3c0_0;
    %load/vec4 v0x14a01a270_0;
    %or;
    %ret/vec4 0, 0, 32;  Assign to op (store_vec4_to_lval)
    %jmp T_0.9;
T_0.4 ;
    %load/vec4 v0x14a00a3c0_0;
    %load/vec4 v0x14a01a270_0;
    %xor;
    %ret/vec4 0, 0, 32;  Assign to op (store_vec4_to_lval)
    %jmp T_0.9;
T_0.5 ;
    %load/vec4 v0x14a00a3c0_0;
    %load/vec4 v0x14a01a270_0;
    %ix/vec4 4;
    %shiftr/s 4;
    %ret/vec4 0, 0, 32;  Assign to op (store_vec4_to_lval)
    %jmp T_0.9;
T_0.6 ;
    %load/vec4 v0x14a00a3c0_0;
    %load/vec4 v0x14a01a270_0;
    %ix/vec4 4;
    %shiftr 4;
    %ret/vec4 0, 0, 32;  Assign to op (store_vec4_to_lval)
    %jmp T_0.9;
T_0.7 ;
    %load/vec4 v0x14a00a3c0_0;
    %load/vec4 v0x14a01a270_0;
    %ix/vec4 4;
    %shiftl 4;
    %ret/vec4 0, 0, 32;  Assign to op (store_vec4_to_lval)
    %jmp T_0.9;
T_0.9 ;
    %pop/vec4 1;
    %end;
    .scope S_0x14a009ec0;
T_1 ;
    %vpi_call 2 9 "$monitor", "%b : %b %b => %b", v0x14a01aa00_0, v0x14a01a7d0_0, v0x14a01a880_0, v0x14a01a930_0 {0 0 0};
    %end;
    .thread T_1;
    .scope S_0x14a009ec0;
T_2 ;
    %delay 1, 0;
    %pushi/vec4 0, 0, 3;
    %assign/vec4 v0x14a01aa00_0, 0;
    %pushi/vec4 128, 0, 32;
    %assign/vec4 v0x14a01a7d0_0, 0;
    %pushi/vec4 2, 0, 32;
    %assign/vec4 v0x14a01a880_0, 0;
    %delay 1, 0;
    %pushi/vec4 1, 0, 3;
    %assign/vec4 v0x14a01aa00_0, 0;
    %pushi/vec4 128, 0, 32;
    %assign/vec4 v0x14a01a7d0_0, 0;
    %pushi/vec4 2, 0, 32;
    %assign/vec4 v0x14a01a880_0, 0;
    %delay 1, 0;
    %pushi/vec4 2, 0, 3;
    %assign/vec4 v0x14a01aa00_0, 0;
    %pushi/vec4 127, 0, 32;
    %assign/vec4 v0x14a01a7d0_0, 0;
    %pushi/vec4 2, 0, 32;
    %assign/vec4 v0x14a01a880_0, 0;
    %delay 1, 0;
    %pushi/vec4 3, 0, 3;
    %assign/vec4 v0x14a01aa00_0, 0;
    %pushi/vec4 128, 0, 32;
    %assign/vec4 v0x14a01a7d0_0, 0;
    %pushi/vec4 2, 0, 32;
    %assign/vec4 v0x14a01a880_0, 0;
    %delay 1, 0;
    %pushi/vec4 4, 0, 3;
    %assign/vec4 v0x14a01aa00_0, 0;
    %pushi/vec4 6, 0, 32;
    %assign/vec4 v0x14a01a7d0_0, 0;
    %pushi/vec4 10, 0, 32;
    %assign/vec4 v0x14a01a880_0, 0;
    %delay 1, 0;
    %pushi/vec4 5, 0, 3;
    %assign/vec4 v0x14a01aa00_0, 0;
    %pushi/vec4 2147483663, 0, 32;
    %assign/vec4 v0x14a01a7d0_0, 0;
    %pushi/vec4 2, 0, 32;
    %assign/vec4 v0x14a01a880_0, 0;
    %delay 1, 0;
    %pushi/vec4 6, 0, 3;
    %assign/vec4 v0x14a01aa00_0, 0;
    %pushi/vec4 2147483663, 0, 32;
    %assign/vec4 v0x14a01a7d0_0, 0;
    %pushi/vec4 2, 0, 32;
    %assign/vec4 v0x14a01a880_0, 0;
    %delay 1, 0;
    %pushi/vec4 7, 0, 3;
    %assign/vec4 v0x14a01aa00_0, 0;
    %pushi/vec4 2147483663, 0, 32;
    %assign/vec4 v0x14a01a7d0_0, 0;
    %pushi/vec4 2, 0, 32;
    %assign/vec4 v0x14a01a880_0, 0;
    %end;
    .thread T_2;
# The file index is used to find the file name in the following table.
:file_names 4;
    "N/A";
    "<interactive>";
    "alu32_tb.v";
    "alu32.v";
